This is XeTeX, Version 3.141592653-2.6-0.999997 (TeX Live 2025) (preloaded format=xelatex 2025.6.16)  9 DEC 2025 07:36
entering extended mode
 restricted \write18 enabled.
 %&-line parsing enabled.
**PAL-ADHD_supps.tex
(./PAL-ADHD_supps.tex
LaTeX2e <2024-11-01> patch level 2
L3 programming layer <2025-01-18>
(/usr/local/texlive/2025/texmf-dist/tex/latex/base/article.cls
Document Class: article 2024/06/29 v1.4n Standard LaTeX document class
(/usr/local/texlive/2025/texmf-dist/tex/latex/base/size10.clo
File: size10.clo 2024/06/29 v1.4n Standard LaTeX file (size option)
)
\c@part=\count192
\c@section=\count193
\c@subsection=\count194
\c@subsubsection=\count195
\c@paragraph=\count196
\c@subparagraph=\count197
\c@figure=\count198
\c@table=\count199
\abovecaptionskip=\skip49
\belowcaptionskip=\skip50
\bibindent=\dimen141
) (/usr/local/texlive/2025/texmf-dist/tex/latex/amsmath/amsmath.sty
Package: amsmath 2024/11/05 v2.17t AMS math features
\@mathmargin=\skip51
For additional information on amsmath, use the `?' option.
(/usr/local/texlive/2025/texmf-dist/tex/latex/amsmath/amstext.sty
Package: amstext 2021/08/26 v2.01 AMS text
(/usr/local/texlive/2025/texmf-dist/tex/latex/amsmath/amsgen.sty
File: amsgen.sty 1999/11/30 v2.0 generic functions
\@emptytoks=\toks17
\ex@=\dimen142
)) (/usr/local/texlive/2025/texmf-dist/tex/latex/amsmath/amsbsy.sty
Package: amsbsy 1999/11/29 v1.2d Bold Symbols
\pmbraise@=\dimen143
) (/usr/local/texlive/2025/texmf-dist/tex/latex/amsmath/amsopn.sty
Package: amsopn 2022/04/08 v2.04 operator names
)
\inf@bad=\count266
LaTeX Info: Redefining \frac on input line 233.
\uproot@=\count267
\leftroot@=\count268
LaTeX Info: Redefining \overline on input line 398.
LaTeX Info: Redefining \colon on input line 409.
\classnum@=\count269
\DOTSCASE@=\count270
LaTeX Info: Redefining \ldots on input line 495.
LaTeX Info: Redefining \dots on input line 498.
LaTeX Info: Redefining \cdots on input line 619.
\Mathstrutbox@=\box52
\strutbox@=\box53
LaTeX Info: Redefining \big on input line 721.
LaTeX Info: Redefining \Big on input line 722.
LaTeX Info: Redefining \bigg on input line 723.
LaTeX Info: Redefining \Bigg on input line 724.
\big@size=\dimen144
LaTeX Font Info:    Redeclaring font encoding OML on input line 742.
LaTeX Font Info:    Redeclaring font encoding OMS on input line 743.
\macc@depth=\count271
LaTeX Info: Redefining \bmod on input line 904.
LaTeX Info: Redefining \pmod on input line 909.
LaTeX Info: Redefining \smash on input line 939.
LaTeX Info: Redefining \relbar on input line 969.
LaTeX Info: Redefining \Relbar on input line 970.
\c@MaxMatrixCols=\count272
\dotsspace@=\muskip17
\c@parentequation=\count273
\dspbrk@lvl=\count274
\tag@help=\toks18
\row@=\count275
\column@=\count276
\maxfields@=\count277
\andhelp@=\toks19
\eqnshift@=\dimen145
\alignsep@=\dimen146
\tagshift@=\dimen147
\tagwidth@=\dimen148
\totwidth@=\dimen149
\lineht@=\dimen150
\@envbody=\toks20
\multlinegap=\skip52
\multlinetaggap=\skip53
\mathdisplay@stack=\toks21
LaTeX Info: Redefining \[ on input line 2953.
LaTeX Info: Redefining \] on input line 2954.
) (/usr/local/texlive/2025/texmf-dist/tex/latex/amsfonts/amssymb.sty
Package: amssymb 2013/01/14 v3.01 AMS font symbols
(/usr/local/texlive/2025/texmf-dist/tex/latex/amsfonts/amsfonts.sty
Package: amsfonts 2013/01/14 v3.01 Basic AMSFonts support
\symAMSa=\mathgroup4
\symAMSb=\mathgroup5
LaTeX Font Info:    Redeclaring math symbol \hbar on input line 98.
LaTeX Font Info:    Overwriting math alphabet `\mathfrak' in version `bold'
(Font)                  U/euf/m/n --> U/euf/b/n on input line 106.
)) (/usr/local/texlive/2025/texmf-dist/tex/generic/iftex/iftex.sty
Package: iftex 2024/12/12 v1.0g TeX engine tests
) (/usr/local/texlive/2025/texmf-dist/tex/latex/unicode-math/unicode-math.sty (
/usr/local/texlive/2025/texmf-dist/tex/latex/l3kernel/expl3.sty
Package: expl3 2025-01-18 L3 programming layer (loader) 
(/usr/local/texlive/2025/texmf-dist/tex/latex/l3backend/l3backend-xetex.def
File: l3backend-xetex.def 2024-05-08 L3 backend support: XeTeX
\g__graphics_track_int=\count278
\l__pdf_internal_box=\box54
\g__pdf_backend_annotation_int=\count279
\g__pdf_backend_link_int=\count280
))
Package: unicode-math 2023/08/13 v0.8r Unicode maths in XeLaTeX and LuaLaTeX

(/usr/local/texlive/2025/texmf-dist/tex/latex/unicode-math/unicode-math-xetex.s
ty
Package: unicode-math-xetex 2023/08/13 v0.8r Unicode maths in XeLaTeX and LuaLa
TeX
(/usr/local/texlive/2025/texmf-dist/tex/latex/l3packages/xparse/xparse.sty
Package: xparse 2024-08-16 L3 Experimental document command parser
) (/usr/local/texlive/2025/texmf-dist/tex/latex/l3packages/l3keys2e/l3keys2e.st
y
Package: l3keys2e 2024-08-16 LaTeX2e option processing using LaTeX3 keys
) (/usr/local/texlive/2025/texmf-dist/tex/latex/fontspec/fontspec.sty
Package: fontspec 2024/05/11 v2.9e Font selection for XeLaTeX and LuaLaTeX
(/usr/local/texlive/2025/texmf-dist/tex/latex/fontspec/fontspec-xetex.sty
Package: fontspec-xetex 2024/05/11 v2.9e Font selection for XeLaTeX and LuaLaTe
X
\l__fontspec_script_int=\count281
\l__fontspec_language_int=\count282
\l__fontspec_strnum_int=\count283
\l__fontspec_tmp_int=\count284
\l__fontspec_tmpa_int=\count285
\l__fontspec_tmpb_int=\count286
\l__fontspec_tmpc_int=\count287
\l__fontspec_em_int=\count288
\l__fontspec_emdef_int=\count289
\l__fontspec_strong_int=\count290
\l__fontspec_strongdef_int=\count291
\l__fontspec_tmpa_dim=\dimen151
\l__fontspec_tmpb_dim=\dimen152
\l__fontspec_tmpc_dim=\dimen153
(/usr/local/texlive/2025/texmf-dist/tex/latex/base/fontenc.sty
Package: fontenc 2021/04/29 v2.0v Standard LaTeX package
) (/usr/local/texlive/2025/texmf-dist/tex/latex/fontspec/fontspec.cfg))) (/usr/
local/texlive/2025/texmf-dist/tex/latex/base/fix-cm.sty
Package: fix-cm 2020/11/24 v1.1t fixes to LaTeX
(/usr/local/texlive/2025/texmf-dist/tex/latex/base/ts1enc.def
File: ts1enc.def 2001/06/05 v3.0e (jk/car/fm) Standard LaTeX file
LaTeX Font Info:    Redeclaring font encoding TS1 on input line 47.
))
\g__um_fam_int=\count292
\g__um_fonts_used_int=\count293
\l__um_primecount_int=\count294
\g__um_primekern_muskip=\muskip18

(/usr/local/texlive/2025/texmf-dist/tex/latex/unicode-math/unicode-math-table.t
ex))) (/usr/local/texlive/2025/texmf-dist/tex/latex/lm/lmodern.sty
Package: lmodern 2015/05/01 v1.6.1 Latin Modern Fonts
LaTeX Font Info:    Overwriting symbol font `operators' in version `normal'
(Font)                  OT1/cmr/m/n --> OT1/lmr/m/n on input line 22.
LaTeX Font Info:    Overwriting symbol font `letters' in version `normal'
(Font)                  OML/cmm/m/it --> OML/lmm/m/it on input line 23.
LaTeX Font Info:    Overwriting symbol font `symbols' in version `normal'
(Font)                  OMS/cmsy/m/n --> OMS/lmsy/m/n on input line 24.
LaTeX Font Info:    Overwriting symbol font `largesymbols' in version `normal'
(Font)                  OMX/cmex/m/n --> OMX/lmex/m/n on input line 25.
LaTeX Font Info:    Overwriting symbol font `operators' in version `bold'
(Font)                  OT1/cmr/bx/n --> OT1/lmr/bx/n on input line 26.
LaTeX Font Info:    Overwriting symbol font `letters' in version `bold'
(Font)                  OML/cmm/b/it --> OML/lmm/b/it on input line 27.
LaTeX Font Info:    Overwriting symbol font `symbols' in version `bold'
(Font)                  OMS/cmsy/b/n --> OMS/lmsy/b/n on input line 28.
LaTeX Font Info:    Overwriting symbol font `largesymbols' in version `bold'
(Font)                  OMX/cmex/m/n --> OMX/lmex/m/n on input line 29.
LaTeX Font Info:    Overwriting math alphabet `\mathbf' in version `normal'
(Font)                  OT1/cmr/bx/n --> OT1/lmr/bx/n on input line 31.
LaTeX Font Info:    Overwriting math alphabet `\mathsf' in version `normal'
(Font)                  OT1/cmss/m/n --> OT1/lmss/m/n on input line 32.
LaTeX Font Info:    Overwriting math alphabet `\mathit' in version `normal'
(Font)                  OT1/cmr/m/it --> OT1/lmr/m/it on input line 33.
LaTeX Font Info:    Overwriting math alphabet `\mathtt' in version `normal'
(Font)                  OT1/cmtt/m/n --> OT1/lmtt/m/n on input line 34.
LaTeX Font Info:    Overwriting math alphabet `\mathbf' in version `bold'
(Font)                  OT1/cmr/bx/n --> OT1/lmr/bx/n on input line 35.
LaTeX Font Info:    Overwriting math alphabet `\mathsf' in version `bold'
(Font)                  OT1/cmss/bx/n --> OT1/lmss/bx/n on input line 36.
LaTeX Font Info:    Overwriting math alphabet `\mathit' in version `bold'
(Font)                  OT1/cmr/bx/it --> OT1/lmr/bx/it on input line 37.
LaTeX Font Info:    Overwriting math alphabet `\mathtt' in version `bold'
(Font)                  OT1/cmtt/m/n --> OT1/lmtt/m/n on input line 38.
) (/usr/local/texlive/2025/texmf-dist/tex/latex/upquote/upquote.sty
Package: upquote 2012/04/19 v1.3 upright-quote and grave-accent glyphs in verba
tim
(/usr/local/texlive/2025/texmf-dist/tex/latex/base/textcomp.sty
Package: textcomp 2024/04/24 v2.1b Standard LaTeX package
)) (/usr/local/texlive/2025/texmf-dist/tex/latex/microtype/microtype.sty
Package: microtype 2025/02/11 v3.2a Micro-typographical refinements (RS)
(/usr/local/texlive/2025/texmf-dist/tex/latex/graphics/keyval.sty
Package: keyval 2022/05/29 v1.15 key=value parser (DPC)
\KV@toks@=\toks22
) (/usr/local/texlive/2025/texmf-dist/tex/latex/etoolbox/etoolbox.sty
Package: etoolbox 2025/02/11 v2.5l e-TeX tools for LaTeX (JAW)
\etb@tempcnta=\count295
)
\MT@toks=\toks23
\MT@tempbox=\box55
\MT@count=\count296
LaTeX Info: Redefining \noprotrusionifhmode on input line 1087.
LaTeX Info: Redefining \leftprotrusion on input line 1088.
\MT@prot@toks=\toks24
LaTeX Info: Redefining \rightprotrusion on input line 1107.
LaTeX Info: Redefining \textls on input line 1449.
\MT@outer@kern=\dimen154
LaTeX Info: Redefining \microtypecontext on input line 2053.
LaTeX Info: Redefining \textmicrotypecontext on input line 2070.
\MT@listname@count=\count297
(/usr/local/texlive/2025/texmf-dist/tex/latex/microtype/microtype-xetex.def
File: microtype-xetex.def 2025/02/11 v3.2a Definitions specific to xetex (RS)
LaTeX Info: Redefining \lsstyle on input line 443.
LaTeX Info: Redefining \lslig on input line 451.
\MT@outer@space=\skip54
)
Package microtype Info: Loading configuration file microtype.cfg.
(/usr/local/texlive/2025/texmf-dist/tex/latex/microtype/microtype.cfg
File: microtype.cfg 2025/02/11 v3.2a microtype main configuration file (RS)
)
LaTeX Info: Redefining \microtypesetup on input line 3065.
) (/usr/local/texlive/2025/texmf-dist/tex/latex/parskip/parskip.sty
Package: parskip 2021-03-14 v2.0h non-zero parskip adjustments
(/usr/local/texlive/2025/texmf-dist/tex/latex/kvoptions/kvoptions.sty
Package: kvoptions 2022-06-15 v3.15 Key value format for package options (HO)
(/usr/local/texlive/2025/texmf-dist/tex/generic/ltxcmds/ltxcmds.sty
Package: ltxcmds 2023-12-04 v1.26 LaTeX kernel commands for general use (HO)
) (/usr/local/texlive/2025/texmf-dist/tex/latex/kvsetkeys/kvsetkeys.sty
Package: kvsetkeys 2022-10-05 v1.19 Key value parser (HO)
))) (/usr/local/texlive/2025/texmf-dist/tex/latex/xcolor/xcolor.sty
Package: xcolor 2024/09/29 v3.02 LaTeX color extensions (UK)
(/usr/local/texlive/2025/texmf-dist/tex/latex/graphics-cfg/color.cfg
File: color.cfg 2016/01/02 v1.6 sample color configuration
)
Package xcolor Info: Driver file: xetex.def on input line 274.
(/usr/local/texlive/2025/texmf-dist/tex/latex/graphics-def/xetex.def
File: xetex.def 2022/09/22 v5.0n Graphics/color driver for xetex
) (/usr/local/texlive/2025/texmf-dist/tex/latex/graphics/mathcolor.ltx)
Package xcolor Info: Model `cmy' substituted by `cmy0' on input line 1349.
Package xcolor Info: Model `RGB' extended on input line 1365.
Package xcolor Info: Model `HTML' substituted by `rgb' on input line 1367.
Package xcolor Info: Model `Hsb' substituted by `hsb' on input line 1368.
Package xcolor Info: Model `tHsb' substituted by `hsb' on input line 1369.
Package xcolor Info: Model `HSB' substituted by `hsb' on input line 1370.
Package xcolor Info: Model `Gray' substituted by `gray' on input line 1371.
Package xcolor Info: Model `wave' substituted by `hsb' on input line 1372.
) (/usr/local/texlive/2025/texmf-dist/tex/latex/geometry/geometry.sty
Package: geometry 2020/01/02 v5.9 Page Geometry
(/usr/local/texlive/2025/texmf-dist/tex/generic/iftex/ifvtex.sty
Package: ifvtex 2019/10/25 v1.7 ifvtex legacy package. Use iftex instead.
)
\Gm@cnth=\count298
\Gm@cntv=\count299
\c@Gm@tempcnt=\count300
\Gm@bindingoffset=\dimen155
\Gm@wd@mp=\dimen156
\Gm@odd@mp=\dimen157
\Gm@even@mp=\dimen158
\Gm@layoutwidth=\dimen159
\Gm@layoutheight=\dimen160
\Gm@layouthoffset=\dimen161
\Gm@layoutvoffset=\dimen162
\Gm@dimlist=\toks25
) (/usr/local/texlive/2025/texmf-dist/tex/latex/tools/longtable.sty
Package: longtable 2024-10-27 v4.22 Multi-page Table package (DPC)
\LTleft=\skip55
\LTright=\skip56
\LTpre=\skip57
\LTpost=\skip58
\LTchunksize=\count301
\LTcapwidth=\dimen163
\LT@head=\box56
\LT@firsthead=\box57
\LT@foot=\box58
\LT@lastfoot=\box59
\LT@gbox=\box60
\LT@cols=\count302
\LT@rows=\count303
\c@LT@tables=\count304
\c@LT@chunks=\count305
\LT@p@ftn=\toks26
) (/usr/local/texlive/2025/texmf-dist/tex/latex/booktabs/booktabs.sty
Package: booktabs 2020/01/12 v1.61803398 Publication quality tables
\heavyrulewidth=\dimen164
\lightrulewidth=\dimen165
\cmidrulewidth=\dimen166
\belowrulesep=\dimen167
\belowbottomsep=\dimen168
\aboverulesep=\dimen169
\abovetopsep=\dimen170
\cmidrulesep=\dimen171
\cmidrulekern=\dimen172
\defaultaddspace=\dimen173
\@cmidla=\count306
\@cmidlb=\count307
\@aboverulesep=\dimen174
\@belowrulesep=\dimen175
\@thisruleclass=\count308
\@lastruleclass=\count309
\@thisrulewidth=\dimen176
) (/usr/local/texlive/2025/texmf-dist/tex/latex/tools/array.sty
Package: array 2024/10/17 v2.6g Tabular extension package (FMi)
\col@sep=\dimen177
\ar@mcellbox=\box61
\extrarowheight=\dimen178
\NC@list=\toks27
\extratabsurround=\skip59
\backup@length=\skip60
\ar@cellbox=\box62
) (/usr/local/texlive/2025/texmf-dist/tex/latex/tools/calc.sty
Package: calc 2023/07/08 v4.3 Infix arithmetic (KKT,FJ)
\calc@Acount=\count310
\calc@Bcount=\count311
\calc@Adimen=\dimen179
\calc@Bdimen=\dimen180
\calc@Askip=\skip61
\calc@Bskip=\skip62
LaTeX Info: Redefining \setlength on input line 80.
LaTeX Info: Redefining \addtolength on input line 81.
\calc@Ccount=\count312
\calc@Cskip=\skip63
) (/usr/local/texlive/2025/texmf-dist/tex/latex/footnotehyper/footnotehyper.sty
Package: footnotehyper 2021/08/13 v1.1e hyperref aware footnote.sty (JFB)
\FNH@notes=\box63
\FNH@width=\dimen181
\FNH@toks=\toks28
) (/usr/local/texlive/2025/texmf-dist/tex/latex/graphics/graphicx.sty
Package: graphicx 2021/09/16 v1.2d Enhanced LaTeX Graphics (DPC,SPQR)
(/usr/local/texlive/2025/texmf-dist/tex/latex/graphics/graphics.sty
Package: graphics 2024/08/06 v1.4g Standard LaTeX Graphics (DPC,SPQR)
(/usr/local/texlive/2025/texmf-dist/tex/latex/graphics/trig.sty
Package: trig 2023/12/02 v1.11 sin cos tan (DPC)
) (/usr/local/texlive/2025/texmf-dist/tex/latex/graphics-cfg/graphics.cfg
File: graphics.cfg 2016/06/04 v1.11 sample graphics configuration
)
Package graphics Info: Driver file: xetex.def on input line 106.
)
\Gin@req@height=\dimen182
\Gin@req@width=\dimen183
)
\pandoc@box=\box64
(/usr/local/texlive/2025/texmf-dist/tex/latex/bookmark/bookmark.sty
Package: bookmark 2023-12-10 v1.31 PDF bookmarks (HO)
(/usr/local/texlive/2025/texmf-dist/tex/latex/hyperref/hyperref.sty
Package: hyperref 2024-11-05 v7.01l Hypertext links for LaTeX
(/usr/local/texlive/2025/texmf-dist/tex/generic/kvdefinekeys/kvdefinekeys.sty
Package: kvdefinekeys 2019-12-19 v1.6 Define keys (HO)
) (/usr/local/texlive/2025/texmf-dist/tex/generic/pdfescape/pdfescape.sty
Package: pdfescape 2019/12/09 v1.15 Implements pdfTeX's escape features (HO)
(/usr/local/texlive/2025/texmf-dist/tex/generic/pdftexcmds/pdftexcmds.sty
Package: pdftexcmds 2020-06-27 v0.33 Utility functions of pdfTeX for LuaTeX (HO
)
(/usr/local/texlive/2025/texmf-dist/tex/generic/infwarerr/infwarerr.sty
Package: infwarerr 2019/12/03 v1.5 Providing info/warning/error messages (HO)
)
Package pdftexcmds Info: \pdf@primitive is available.
Package pdftexcmds Info: \pdf@ifprimitive is available.
Package pdftexcmds Info: \pdfdraftmode not found.
)) (/usr/local/texlive/2025/texmf-dist/tex/latex/hycolor/hycolor.sty
Package: hycolor 2020-01-27 v1.10 Color options for hyperref/bookmark (HO)
) (/usr/local/texlive/2025/texmf-dist/tex/latex/hyperref/nameref.sty
Package: nameref 2023-11-26 v2.56 Cross-referencing by name of section
(/usr/local/texlive/2025/texmf-dist/tex/latex/refcount/refcount.sty
Package: refcount 2019/12/15 v3.6 Data extraction from label references (HO)
)
(/usr/local/texlive/2025/texmf-dist/tex/generic/gettitlestring/gettitlestring.s
ty
Package: gettitlestring 2019/12/15 v1.6 Cleanup title references (HO)
)
\c@section@level=\count313
) (/usr/local/texlive/2025/texmf-dist/tex/generic/stringenc/stringenc.sty
Package: stringenc 2019/11/29 v1.12 Convert strings between diff. encodings (HO
)
)
\@linkdim=\dimen184
\Hy@linkcounter=\count314
\Hy@pagecounter=\count315
(/usr/local/texlive/2025/texmf-dist/tex/latex/hyperref/pd1enc.def
File: pd1enc.def 2024-11-05 v7.01l Hyperref: PDFDocEncoding definition (HO)
) (/usr/local/texlive/2025/texmf-dist/tex/generic/intcalc/intcalc.sty
Package: intcalc 2019/12/15 v1.3 Expandable calculations with integers (HO)
)
\Hy@SavedSpaceFactor=\count316
(/usr/local/texlive/2025/texmf-dist/tex/latex/hyperref/puenc.def
File: puenc.def 2024-11-05 v7.01l Hyperref: PDF Unicode definition (HO)
)
Package hyperref Info: Option `unicode' set `true' on input line 4040.
Package hyperref Info: Hyper figures OFF on input line 4157.
Package hyperref Info: Link nesting OFF on input line 4162.
Package hyperref Info: Hyper index ON on input line 4165.
Package hyperref Info: Plain pages OFF on input line 4172.
Package hyperref Info: Backreferencing OFF on input line 4177.
Package hyperref Info: Implicit mode ON; LaTeX internals redefined.
Package hyperref Info: Bookmarks ON on input line 4424.
\c@Hy@tempcnt=\count317
(/usr/local/texlive/2025/texmf-dist/tex/latex/url/url.sty
\Urlmuskip=\muskip19
Package: url 2013/09/16  ver 3.4  Verb mode for urls, etc.
)
LaTeX Info: Redefining \url on input line 4763.
\XeTeXLinkMargin=\dimen185
(/usr/local/texlive/2025/texmf-dist/tex/generic/bitset/bitset.sty
Package: bitset 2019/12/09 v1.3 Handle bit-vector datatype (HO)
(/usr/local/texlive/2025/texmf-dist/tex/generic/bigintcalc/bigintcalc.sty
Package: bigintcalc 2019/12/15 v1.5 Expandable calculations on big integers (HO
)
))
\Fld@menulength=\count318
\Field@Width=\dimen186
\Fld@charsize=\dimen187
Package hyperref Info: Hyper figures OFF on input line 6042.
Package hyperref Info: Link nesting OFF on input line 6047.
Package hyperref Info: Hyper index ON on input line 6050.
Package hyperref Info: backreferencing OFF on input line 6057.
Package hyperref Info: Link coloring OFF on input line 6062.
Package hyperref Info: Link coloring with OCG OFF on input line 6067.
Package hyperref Info: PDF/A mode OFF on input line 6072.
(/usr/local/texlive/2025/texmf-dist/tex/latex/base/atbegshi-ltx.sty
Package: atbegshi-ltx 2021/01/10 v1.0c Emulation of the original atbegshi
package with kernel methods
)
\Hy@abspage=\count319
\c@Item=\count320
\c@Hfootnote=\count321
)
Package hyperref Info: Driver (autodetected): hxetex.
(/usr/local/texlive/2025/texmf-dist/tex/latex/hyperref/hxetex.def
File: hxetex.def 2024-11-05 v7.01l Hyperref driver for XeTeX
\pdfm@box=\box65
\c@Hy@AnnotLevel=\count322
\HyField@AnnotCount=\count323
\Fld@listcount=\count324
\c@bookmark@seq@number=\count325

(/usr/local/texlive/2025/texmf-dist/tex/latex/rerunfilecheck/rerunfilecheck.sty
Package: rerunfilecheck 2022-07-10 v1.10 Rerun checks for auxiliary files (HO)
(/usr/local/texlive/2025/texmf-dist/tex/latex/base/atveryend-ltx.sty
Package: atveryend-ltx 2020/08/19 v1.0a Emulation of the original atveryend pac
kage
with kernel methods
)
(/usr/local/texlive/2025/texmf-dist/tex/generic/uniquecounter/uniquecounter.sty
Package: uniquecounter 2019/12/15 v1.4 Provide unlimited unique counter (HO)
)
Package uniquecounter Info: New unique counter `rerunfilecheck' on input line 2
85.
)
\Hy@SectionHShift=\skip64
) (/usr/local/texlive/2025/texmf-dist/tex/latex/bookmark/bkm-dvipdfm.def
File: bkm-dvipdfm.def 2023-12-10 v1.31 bookmark driver for dvipdfm (HO)
\BKM@id=\count326
)) (/usr/local/texlive/2025/texmf-dist/tex/latex/xurl/xurl.sty
Package: xurl 2022/01/09 v 0.10 modify URL breaks
)

LaTeX Warning: Unused global option(s):
    [9pt].

(./PAL-ADHD_supps.aux)
\openout1 = `PAL-ADHD_supps.aux'.

LaTeX Font Info:    Checking defaults for OML/cmm/m/it on input line 93.
LaTeX Font Info:    ... okay on input line 93.
LaTeX Font Info:    Checking defaults for OMS/cmsy/m/n on input line 93.
LaTeX Font Info:    ... okay on input line 93.
LaTeX Font Info:    Checking defaults for OT1/cmr/m/n on input line 93.
LaTeX Font Info:    ... okay on input line 93.
LaTeX Font Info:    Checking defaults for T1/cmr/m/n on input line 93.
LaTeX Font Info:    ... okay on input line 93.
LaTeX Font Info:    Checking defaults for TS1/cmr/m/n on input line 93.
LaTeX Font Info:    ... okay on input line 93.
LaTeX Font Info:    Checking defaults for TU/lmr/m/n on input line 93.
LaTeX Font Info:    ... okay on input line 93.
LaTeX Font Info:    Checking defaults for OMX/cmex/m/n on input line 93.
LaTeX Font Info:    ... okay on input line 93.
LaTeX Font Info:    Checking defaults for U/cmr/m/n on input line 93.
LaTeX Font Info:    ... okay on input line 93.
LaTeX Font Info:    Checking defaults for PD1/pdf/m/n on input line 93.
LaTeX Font Info:    ... okay on input line 93.
LaTeX Font Info:    Checking defaults for PU/pdf/m/n on input line 93.
LaTeX Font Info:    ... okay on input line 93.
LaTeX Font Info:    Overwriting math alphabet `\mathrm' in version `normal'
(Font)                  OT1/lmr/m/n --> TU/lmr/m/n on input line 93.
LaTeX Font Info:    Overwriting math alphabet `\mathit' in version `normal'
(Font)                  OT1/lmr/m/it --> TU/lmr/m/it on input line 93.
LaTeX Font Info:    Overwriting math alphabet `\mathbf' in version `normal'
(Font)                  OT1/lmr/bx/n --> TU/lmr/bx/n on input line 93.
LaTeX Font Info:    Overwriting math alphabet `\mathsf' in version `normal'
(Font)                  OT1/lmss/m/n --> TU/lmss/m/n on input line 93.
LaTeX Font Info:    Overwriting math alphabet `\mathsf' in version `bold'
(Font)                  OT1/lmss/bx/n --> TU/lmss/bx/n on input line 93.
LaTeX Font Info:    Overwriting math alphabet `\mathtt' in version `normal'
(Font)                  OT1/lmtt/m/n --> TU/lmtt/m/n on input line 93.
LaTeX Font Info:    Overwriting math alphabet `\mathtt' in version `bold'
(Font)                  OT1/lmtt/m/n --> TU/lmtt/bx/n on input line 93.

Package fontspec Info: 
(fontspec)             latinmodern-math scale = 0.9999964596882403.


Package fontspec Info: 
(fontspec)             latinmodern-math scale = 0.9999964596882403.


Package fontspec Info: 
(fontspec)             latinmodern-math scale = 0.9999964596882403.


Package fontspec Info: 
(fontspec)             Font family 'latinmodern-math.otf(0)' created for font
(fontspec)             'latinmodern-math.otf' with options
(fontspec)             [Scale=MatchLowercase,BoldItalicFont={},ItalicFont={},Sm
allCapsFont={},Script=Math,BoldFont={latinmodern-math.otf}].
(fontspec)              
(fontspec)              This font family consists of the following NFSS
(fontspec)             series/shapes:
(fontspec)              
(fontspec)             - 'normal' (m/n) with NFSS spec.:
(fontspec)             <->s*[0.9999964596882403]"[latinmodern-math.otf]/OT:scri
pt=math;language=dflt;"
(fontspec)             - 'bold' (b/n) with NFSS spec.:
(fontspec)             <->s*[0.9999964596882403]"[latinmodern-math.otf]/OT:scri
pt=math;language=dflt;"

LaTeX Font Info:    Font shape `TU/latinmodern-math.otf(0)/m/n' will be
(Font)              scaled to size 10.0pt on input line 93.

Package fontspec Info: 
(fontspec)             latinmodern-math scale = 0.9999964596882403.


Package fontspec Info: 
(fontspec)             latinmodern-math scale = 0.9999964596882403.


Package fontspec Info: 
(fontspec)             latinmodern-math scale = 0.9999964596882403.


Package fontspec Info: 
(fontspec)             latinmodern-math scale = 0.9999964596882403.


Package fontspec Info: 
(fontspec)             latinmodern-math scale = 0.9999964596882403.


Package fontspec Info: 
(fontspec)             Font family 'latinmodern-math.otf(1)' created for font
(fontspec)             'latinmodern-math.otf' with options
(fontspec)             [Scale=MatchLowercase,BoldItalicFont={},ItalicFont={},Sm
allCapsFont={},Script=Math,SizeFeatures={{Size=8.5-},{Size=6-8.5,Font=latinmode
rn-math.otf,Style=MathScript},{Size=-6,Font=latinmodern-math.otf,Style=MathScri
ptScript}},BoldFont={latinmodern-math.otf}].
(fontspec)              
(fontspec)              This font family consists of the following NFSS
(fontspec)             series/shapes:
(fontspec)              
(fontspec)             - 'normal' (m/n) with NFSS spec.:
(fontspec)             <8.5->s*[0.9999964596882403]"[latinmodern-math.otf]/OT:s
cript=math;language=dflt;"<6-8.5>s*[0.9999964596882403]"[latinmodern-math.otf]/
OT:script=math;language=dflt;+ssty=0;"<-6>s*[0.9999964596882403]"[latinmodern-m
ath.otf]/OT:script=math;language=dflt;+ssty=1;"
(fontspec)             - 'bold' (b/n) with NFSS spec.:
(fontspec)             <->s*[0.9999964596882403]"[latinmodern-math.otf]/OT:scri
pt=math;language=dflt;"

LaTeX Font Info:    Font shape `TU/latinmodern-math.otf(1)/m/n' will be
(Font)              scaled to size 10.0pt on input line 93.
LaTeX Font Info:    Encoding `OT1' has changed to `TU' for symbol font
(Font)              `operators' in the math version `normal' on input line 93.
LaTeX Font Info:    Overwriting symbol font `operators' in version `normal'
(Font)                  OT1/lmr/m/n --> TU/latinmodern-math.otf(1)/m/n on input
 line 93.
LaTeX Font Info:    Encoding `OT1' has changed to `TU' for symbol font
(Font)              `operators' in the math version `bold' on input line 93.
LaTeX Font Info:    Overwriting symbol font `operators' in version `bold'
(Font)                  OT1/lmr/bx/n --> TU/latinmodern-math.otf(1)/b/n on inpu
t line 93.

Package fontspec Info: 
(fontspec)             latinmodern-math scale = 0.9999964596882403.


Package fontspec Info: 
(fontspec)             latinmodern-math scale = 1.000096459334209.


Package fontspec Info: 
(fontspec)             latinmodern-math scale = 0.9999964596882403.


Package fontspec Info: 
(fontspec)             latinmodern-math scale = 1.000096459334209.


Package fontspec Info: 
(fontspec)             latinmodern-math scale = 0.9999964596882403.


Package fontspec Info: 
(fontspec)             latinmodern-math scale = 1.000096459334209.


Package fontspec Info: 
(fontspec)             latinmodern-math scale = 0.9999964596882403.


Package fontspec Info: 
(fontspec)             latinmodern-math scale = 1.000096459334209.


Package fontspec Info: 
(fontspec)             latinmodern-math scale = 0.9999964596882403.


Package fontspec Info: 
(fontspec)             latinmodern-math scale = 1.000096459334209.


Package fontspec Info: 
(fontspec)             Font family 'latinmodern-math.otf(2)' created for font
(fontspec)             'latinmodern-math.otf' with options
(fontspec)             [Scale=MatchLowercase,BoldItalicFont={},ItalicFont={},Sm
allCapsFont={},Script=Math,SizeFeatures={{Size=8.5-},{Size=6-8.5,Font=latinmode
rn-math.otf,Style=MathScript},{Size=-6,Font=latinmodern-math.otf,Style=MathScri
ptScript}},BoldFont={latinmodern-math.otf},ScaleAgain=1.0001,FontAdjustment={\f
ontdimen
(fontspec)             8\font =6.77pt\relax \fontdimen 9\font =3.94pt\relax
(fontspec)             \fontdimen 10\font =4.44pt\relax \fontdimen 11\font
(fontspec)             =6.86pt\relax \fontdimen 12\font =3.45pt\relax
(fontspec)             \fontdimen 13\font =3.63pt\relax \fontdimen 14\font
(fontspec)             =3.63pt\relax \fontdimen 15\font =2.89pt\relax
(fontspec)             \fontdimen 16\font =2.47pt\relax \fontdimen 17\font
(fontspec)             =2.47pt\relax \fontdimen 18\font =2.5pt\relax
(fontspec)             \fontdimen 19\font =2.0pt\relax \fontdimen 22\font
(fontspec)             =2.5pt\relax \fontdimen 20\font =0pt\relax \fontdimen
(fontspec)             21\font =0pt\relax }].
(fontspec)              
(fontspec)              This font family consists of the following NFSS
(fontspec)             series/shapes:
(fontspec)              
(fontspec)             - 'normal' (m/n) with NFSS spec.:
(fontspec)             <8.5->s*[1.000096459334209]"[latinmodern-math.otf]/OT:sc
ript=math;language=dflt;"<6-8.5>s*[1.000096459334209]"[latinmodern-math.otf]/OT
:script=math;language=dflt;+ssty=0;"<-6>s*[1.000096459334209]"[latinmodern-math
.otf]/OT:script=math;language=dflt;+ssty=1;"
(fontspec)             - 'bold' (b/n) with NFSS spec.:
(fontspec)             <->s*[1.000096459334209]"[latinmodern-math.otf]/OT:scrip
t=math;language=dflt;"

LaTeX Font Info:    Encoding `OMS' has changed to `TU' for symbol font
(Font)              `symbols' in the math version `normal' on input line 93.
LaTeX Font Info:    Overwriting symbol font `symbols' in version `normal'
(Font)                  OMS/lmsy/m/n --> TU/latinmodern-math.otf(2)/m/n on inpu
t line 93.
LaTeX Font Info:    Encoding `OMS' has changed to `TU' for symbol font
(Font)              `symbols' in the math version `bold' on input line 93.
LaTeX Font Info:    Overwriting symbol font `symbols' in version `bold'
(Font)                  OMS/lmsy/b/n --> TU/latinmodern-math.otf(2)/b/n on inpu
t line 93.

Package fontspec Info: 
(fontspec)             latinmodern-math scale = 0.9999964596882403.


Package fontspec Info: 
(fontspec)             latinmodern-math scale = 0.9998964600422715.


Package fontspec Info: 
(fontspec)             latinmodern-math scale = 0.9999964596882403.


Package fontspec Info: 
(fontspec)             latinmodern-math scale = 0.9998964600422715.


Package fontspec Info: 
(fontspec)             latinmodern-math scale = 0.9999964596882403.


Package fontspec Info: 
(fontspec)             latinmodern-math scale = 0.9998964600422715.


Package fontspec Info: 
(fontspec)             latinmodern-math scale = 0.9999964596882403.


Package fontspec Info: 
(fontspec)             latinmodern-math scale = 0.9998964600422715.


Package fontspec Info: 
(fontspec)             latinmodern-math scale = 0.9999964596882403.


Package fontspec Info: 
(fontspec)             latinmodern-math scale = 0.9998964600422715.


Package fontspec Info: 
(fontspec)             Font family 'latinmodern-math.otf(3)' created for font
(fontspec)             'latinmodern-math.otf' with options
(fontspec)             [Scale=MatchLowercase,BoldItalicFont={},ItalicFont={},Sm
allCapsFont={},Script=Math,SizeFeatures={{Size=8.5-},{Size=6-8.5,Font=latinmode
rn-math.otf,Style=MathScript},{Size=-6,Font=latinmodern-math.otf,Style=MathScri
ptScript}},BoldFont={latinmodern-math.otf},ScaleAgain=0.9999,FontAdjustment={\f
ontdimen
(fontspec)             8\font =0.4pt\relax \fontdimen 9\font =2.0pt\relax
(fontspec)             \fontdimen 10\font =1.67pt\relax \fontdimen 11\font
(fontspec)             =1.11pt\relax \fontdimen 12\font =6.0pt\relax
(fontspec)             \fontdimen 13\font =0pt\relax }].
(fontspec)              
(fontspec)              This font family consists of the following NFSS
(fontspec)             series/shapes:
(fontspec)              
(fontspec)             - 'normal' (m/n) with NFSS spec.:
(fontspec)             <8.5->s*[0.9998964600422715]"[latinmodern-math.otf]/OT:s
cript=math;language=dflt;"<6-8.5>s*[0.9998964600422715]"[latinmodern-math.otf]/
OT:script=math;language=dflt;+ssty=0;"<-6>s*[0.9998964600422715]"[latinmodern-m
ath.otf]/OT:script=math;language=dflt;+ssty=1;"
(fontspec)             - 'bold' (b/n) with NFSS spec.:
(fontspec)             <->s*[0.9998964600422715]"[latinmodern-math.otf]/OT:scri
pt=math;language=dflt;"

LaTeX Font Info:    Encoding `OMX' has changed to `TU' for symbol font
(Font)              `largesymbols' in the math version `normal' on input line 9
3.
LaTeX Font Info:    Overwriting symbol font `largesymbols' in version `normal'
(Font)                  OMX/lmex/m/n --> TU/latinmodern-math.otf(3)/m/n on inpu
t line 93.
LaTeX Font Info:    Encoding `OMX' has changed to `TU' for symbol font
(Font)              `largesymbols' in the math version `bold' on input line 93.

LaTeX Font Info:    Overwriting symbol font `largesymbols' in version `bold'
(Font)                  OMX/lmex/m/n --> TU/latinmodern-math.otf(3)/b/n on inpu
t line 93.
LaTeX Info: Redefining \microtypecontext on input line 93.
Package microtype Info: Applying patch `item' on input line 93.
Package microtype Info: Applying patch `toc' on input line 93.
Package microtype Info: Applying patch `eqnum' on input line 93.
Package microtype Info: Applying patch `footnote' on input line 93.
Package microtype Info: Applying patch `verbatim' on input line 93.
LaTeX Info: Redefining \microtypesetup on input line 93.
Package microtype Info: Character protrusion enabled (level 2).
Package microtype Info: Using protrusion set `basicmath'.
Package microtype Info: No adjustment of tracking.
Package microtype Info: No adjustment of spacing.
Package microtype Info: No adjustment of kerning.

(/usr/local/texlive/2025/texmf-dist/tex/latex/microtype/mt-LatinModernRoman.cfg
File: mt-LatinModernRoman.cfg 2021/02/21 v1.1 microtype config. file: Latin Mod
ern Roman (RS)
)
*geometry* driver: auto-detecting
*geometry* detected driver: xetex
*geometry* verbose mode - [ preamble ] result:
* driver: xetex
* paper: <default>
* layout: <same size as paper>
* layoutoffset:(h,v)=(0.0pt,0.0pt)
* modes: 
* h-part:(L,W,R)=(36.135pt, 542.02501pt, 36.135pt)
* v-part:(T,H,B)=(36.135pt, 722.7pt, 36.135pt)
* \paperwidth=614.295pt
* \paperheight=794.96999pt
* \textwidth=542.02501pt
* \textheight=722.7pt
* \oddsidemargin=-36.135pt
* \evensidemargin=-36.135pt
* \topmargin=-73.135pt
* \headheight=12.0pt
* \headsep=25.0pt
* \topskip=10.0pt
* \footskip=30.0pt
* \marginparwidth=65.0pt
* \marginparsep=11.0pt
* \columnsep=10.0pt
* \skip\footins=9.0pt plus 4.0pt minus 2.0pt
* \hoffset=0.0pt
* \voffset=0.0pt
* \mag=1000
* \@twocolumnfalse
* \@twosidefalse
* \@mparswitchfalse
* \@reversemarginfalse
* (1in=72.27pt=25.4mm, 1cm=28.453pt)

Package hyperref Info: Link coloring OFF on input line 93.
LaTeX Font Info:    Font shape `TU/latinmodern-math.otf(1)/m/n' will be
(Font)              scaled to size 12.0pt on input line 95.
LaTeX Font Info:    Font shape `TU/latinmodern-math.otf(1)/m/n' will be
(Font)              scaled to size 8.0pt on input line 95.
LaTeX Font Info:    Font shape `TU/latinmodern-math.otf(1)/m/n' will be
(Font)              scaled to size 6.0pt on input line 95.
LaTeX Font Info:    Trying to load font information for OML+lmm on input line 9
5.
(/usr/local/texlive/2025/texmf-dist/tex/latex/lm/omllmm.fd
File: omllmm.fd 2015/05/01 v1.6.1 Font defs for Latin Modern
)
LaTeX Font Info:    Font shape `TU/latinmodern-math.otf(2)/m/n' will be
(Font)              scaled to size 12.0011pt on input line 95.
LaTeX Font Info:    Font shape `TU/latinmodern-math.otf(2)/m/n' will be
(Font)              scaled to size 8.00073pt on input line 95.
LaTeX Font Info:    Font shape `TU/latinmodern-math.otf(2)/m/n' will be
(Font)              scaled to size 6.00055pt on input line 95.
LaTeX Font Info:    Font shape `TU/latinmodern-math.otf(3)/m/n' will be
(Font)              scaled to size 11.99872pt on input line 95.
LaTeX Font Info:    Font shape `TU/latinmodern-math.otf(3)/m/n' will be
(Font)              scaled to size 7.99915pt on input line 95.
LaTeX Font Info:    Font shape `TU/latinmodern-math.otf(3)/m/n' will be
(Font)              scaled to size 5.99936pt on input line 95.
LaTeX Font Info:    Trying to load font information for U+msa on input line 95.

(/usr/local/texlive/2025/texmf-dist/tex/latex/amsfonts/umsa.fd
File: umsa.fd 2013/01/14 v3.01 AMS symbols A
) (/usr/local/texlive/2025/texmf-dist/tex/latex/microtype/mt-msa.cfg
File: mt-msa.cfg 2006/02/04 v1.1 microtype config. file: AMS symbols (a) (RS)
)
LaTeX Font Info:    Trying to load font information for U+msb on input line 95.

(/usr/local/texlive/2025/texmf-dist/tex/latex/amsfonts/umsb.fd
File: umsb.fd 2013/01/14 v3.01 AMS symbols B
) (/usr/local/texlive/2025/texmf-dist/tex/latex/microtype/mt-msb.cfg
File: mt-msb.cfg 2005/06/01 v1.0 microtype config. file: AMS symbols (b) (RS)
) (./PAL-ADHD_supps.toc
LaTeX Font Info:    Font shape `TU/latinmodern-math.otf(1)/m/n' will be
(Font)              scaled to size 7.0pt on input line 3.
LaTeX Font Info:    Font shape `TU/latinmodern-math.otf(1)/m/n' will be
(Font)              scaled to size 5.0pt on input line 3.
LaTeX Font Info:    Font shape `TU/latinmodern-math.otf(2)/m/n' will be
(Font)              scaled to size 10.00092pt on input line 3.
LaTeX Font Info:    Font shape `TU/latinmodern-math.otf(2)/m/n' will be
(Font)              scaled to size 7.00064pt on input line 3.
LaTeX Font Info:    Font shape `TU/latinmodern-math.otf(2)/m/n' will be
(Font)              scaled to size 5.00046pt on input line 3.
LaTeX Font Info:    Font shape `TU/latinmodern-math.otf(3)/m/n' will be
(Font)              scaled to size 9.99893pt on input line 3.
LaTeX Font Info:    Font shape `TU/latinmodern-math.otf(3)/m/n' will be
(Font)              scaled to size 6.99925pt on input line 3.
LaTeX Font Info:    Font shape `TU/latinmodern-math.otf(3)/m/n' will be
(Font)              scaled to size 4.99947pt on input line 3.
)
\tf@toc=\write3
\openout3 = `PAL-ADHD_supps.toc'.

File: PAL-ADHD_supps_files/figure-latex/eval1-1.pdf Graphic file (type pdf)
<use PAL-ADHD_supps_files/figure-latex/eval1-1.pdf>


[1

]

[2]

[3]
File: PAL-ADHD_supps_files/figure-latex/hgf4_plot-1.pdf Graphic file (type pdf)

<use PAL-ADHD_supps_files/figure-latex/hgf4_plot-1.pdf>


[4]

[5]

[6]

[7]
File: PAL-ADHD_supps_files/figure-latex/plot_var-1.pdf Graphic file (type pdf)
<use PAL-ADHD_supps_files/figure-latex/plot_var-1.pdf>

Overfull \hbox (108.97499pt too wide) in paragraph at lines 1636--1636
[]\TU/lmtt/m/n/10 ## Formula: rt.cor ~ diagnosis * expected * phase * difficult
y + (expected * phase * difficulty | subID) + (diagnosis | trl)[] 
 []



[8]

[9]

[10]

[11]

[12]

[13]

[14]

[15]

[16]

[17]

[18]

[19]

[20]

[21]

[22]

[23]

[24]

[25]

[26]

[27]
File: PAL-ADHD_supps_files/figure-latex/plot_rt-1.pdf Graphic file (type pdf)
<use PAL-ADHD_supps_files/figure-latex/plot_rt-1.pdf>


[28]

[29]
File: PAL-ADHD_supps_files/figure-latex/plot_pup-1.pdf Graphic file (type pdf)
<use PAL-ADHD_supps_files/figure-latex/plot_pup-1.pdf>


[30]
Overfull \hbox (11.70007pt too wide) in paragraph at lines 1707--1708
 []|\TU/lmr/m/n/10 46.41|
 []


Overfull \hbox (11.70007pt too wide) in paragraph at lines 1708--1709
 []|\TU/lmr/m/n/10 46.25|
 []


Overfull \hbox (11.70007pt too wide) in paragraph at lines 1709--1710
 []|\TU/lmr/m/n/10 45.02|
 []


Overfull \hbox (11.70007pt too wide) in paragraph at lines 1710--1711
 []|\TU/lmr/m/n/10 44.85|
 []


Overfull \hbox (11.70007pt too wide) in paragraph at lines 1711--1712
 []|\TU/lmr/m/n/10 44.77|
 []


Overfull \hbox (11.70007pt too wide) in paragraph at lines 1712--1713
 []|\TU/lmr/m/n/10 44.42|
 []


Overfull \hbox (11.70007pt too wide) in paragraph at lines 1713--1714
 []|\TU/lmr/m/n/10 44.28|
 []


Overfull \hbox (11.70007pt too wide) in paragraph at lines 1714--1715
 []|\TU/lmr/m/n/10 43.35|
 []


Overfull \hbox (11.70007pt too wide) in paragraph at lines 1715--1716
 []|\TU/lmr/m/n/10 43.23|
 []


Overfull \hbox (11.70007pt too wide) in paragraph at lines 1717--1718
 []|\TU/lmr/m/n/10 43.19|
 []


Overfull \hbox (11.70007pt too wide) in paragraph at lines 1718--1719
 []|\TU/lmr/m/n/10 43.15|
 []


Overfull \hbox (11.70007pt too wide) in paragraph at lines 1719--1720
 []|\TU/lmr/m/n/10 43.00|
 []


Overfull \hbox (11.70007pt too wide) in paragraph at lines 1720--1721
 []|\TU/lmr/m/n/10 42.44|
 []


Overfull \hbox (11.70007pt too wide) in paragraph at lines 1722--1723
 []|\TU/lmr/m/n/10 42.04|
 []


Overfull \hbox (11.70007pt too wide) in paragraph at lines 1724--1725
 []|\TU/lmr/m/n/10 41.95|
 []


Overfull \hbox (11.70007pt too wide) in paragraph at lines 1726--1727
 []|\TU/lmr/m/n/10 41.72|
 []


Overfull \hbox (11.70007pt too wide) in paragraph at lines 1727--1728
 []|\TU/lmr/m/n/10 41.71|
 []


Overfull \hbox (11.70007pt too wide) in paragraph at lines 1729--1730
 []|\TU/lmr/m/n/10 41.53|
 []


Overfull \hbox (11.70007pt too wide) in paragraph at lines 1730--1731
 []|\TU/lmr/m/n/10 41.35|
 []


Overfull \hbox (11.70007pt too wide) in paragraph at lines 1731--1732
 []|\TU/lmr/m/n/10 41.20|
 []


Overfull \hbox (11.70007pt too wide) in paragraph at lines 1733--1734
 []|\TU/lmr/m/n/10 41.20|
 []


Overfull \hbox (11.70007pt too wide) in paragraph at lines 1734--1735
 []|\TU/lmr/m/n/10 41.03|
 []


Overfull \hbox (11.70007pt too wide) in paragraph at lines 1736--1737
 []|\TU/lmr/m/n/10 40.62|
 []


Overfull \hbox (11.70007pt too wide) in paragraph at lines 1738--1739
 []|\TU/lmr/m/n/10 40.26|
 []


Overfull \hbox (11.70007pt too wide) in paragraph at lines 1740--1741
 []|\TU/lmr/m/n/10 40.25|
 []


Overfull \hbox (11.70007pt too wide) in paragraph at lines 1742--1743
 []|\TU/lmr/m/n/10 39.94|
 []


Overfull \hbox (11.70007pt too wide) in paragraph at lines 1744--1745
 []|\TU/lmr/m/n/10 39.85|
 []


Overfull \hbox (11.70007pt too wide) in paragraph at lines 1746--1747
 []|\TU/lmr/m/n/10 39.84|
 []


Overfull \hbox (11.70007pt too wide) in paragraph at lines 1748--1749
 []|\TU/lmr/m/n/10 39.46|
 []


Overfull \hbox (11.70007pt too wide) in paragraph at lines 1750--1751
 []|\TU/lmr/m/n/10 39.35|
 []


Overfull \hbox (11.70007pt too wide) in paragraph at lines 1752--1753
 []|\TU/lmr/m/n/10 39.33|
 []


Overfull \hbox (11.70007pt too wide) in paragraph at lines 1753--1754
 []|\TU/lmr/m/n/10 39.25|
 []


Overfull \hbox (11.70007pt too wide) in paragraph at lines 1754--1755
 []|\TU/lmr/m/n/10 39.13|
 []


Overfull \hbox (11.70007pt too wide) in paragraph at lines 1756--1757
 []|\TU/lmr/m/n/10 38.86|
 []


Overfull \hbox (11.70007pt too wide) in paragraph at lines 1758--1759
 []|\TU/lmr/m/n/10 38.69|
 []


Overfull \hbox (11.70007pt too wide) in paragraph at lines 1760--1761
 []|\TU/lmr/m/n/10 38.62|
 []


Overfull \hbox (11.70007pt too wide) in paragraph at lines 1762--1763
 []|\TU/lmr/m/n/10 38.43|
 []


Overfull \hbox (11.70007pt too wide) in paragraph at lines 1764--1765
 []|\TU/lmr/m/n/10 38.13|
 []


Overfull \hbox (11.70007pt too wide) in paragraph at lines 1765--1766
 []|\TU/lmr/m/n/10 38.13|
 []


Overfull \hbox (11.70007pt too wide) in paragraph at lines 1766--1767
 []|\TU/lmr/m/n/10 38.09|
 []


Overfull \hbox (11.70007pt too wide) in paragraph at lines 1768--1769
 []|\TU/lmr/m/n/10 38.05|
 []


Overfull \hbox (11.70007pt too wide) in paragraph at lines 1769--1770
 []|\TU/lmr/m/n/10 38.04|
 []


Overfull \hbox (11.70007pt too wide) in paragraph at lines 1771--1772
 []|\TU/lmr/m/n/10 37.77|
 []


Overfull \hbox (11.70007pt too wide) in paragraph at lines 1773--1774
 []|\TU/lmr/m/n/10 37.59|
 []


Overfull \hbox (11.70007pt too wide) in paragraph at lines 1775--1776
 []|\TU/lmr/m/n/10 37.37|
 []


Overfull \hbox (11.70007pt too wide) in paragraph at lines 1777--1778
 []|\TU/lmr/m/n/10 37.29|
 []


Overfull \hbox (11.70007pt too wide) in paragraph at lines 1779--1780
 []|\TU/lmr/m/n/10 37.02|
 []


Overfull \hbox (11.70007pt too wide) in paragraph at lines 1781--1782
 []|\TU/lmr/m/n/10 36.80|
 []


Overfull \hbox (11.70007pt too wide) in paragraph at lines 1783--1784
 []|\TU/lmr/m/n/10 36.78|
 []


Overfull \hbox (11.70007pt too wide) in paragraph at lines 1785--1786
 []|\TU/lmr/m/n/10 36.78|
 []


Overfull \hbox (11.70007pt too wide) in paragraph at lines 1787--1788
 []|\TU/lmr/m/n/10 36.54|
 []


Overfull \hbox (11.70007pt too wide) in paragraph at lines 1789--1790
 []|\TU/lmr/m/n/10 36.33|
 []


Overfull \hbox (11.70007pt too wide) in paragraph at lines 1791--1792
 []|\TU/lmr/m/n/10 36.27|
 []


Overfull \hbox (11.70007pt too wide) in paragraph at lines 1793--1794
 []|\TU/lmr/m/n/10 36.10|
 []


Overfull \hbox (11.70007pt too wide) in paragraph at lines 1794--1795
 []|\TU/lmr/m/n/10 36.08|
 []


Overfull \hbox (11.70007pt too wide) in paragraph at lines 1796--1797
 []|\TU/lmr/m/n/10 36.01|
 []


Overfull \hbox (11.70007pt too wide) in paragraph at lines 1797--1798
 []|\TU/lmr/m/n/10 35.92|
 []


Overfull \hbox (11.70007pt too wide) in paragraph at lines 1799--1800
 []|\TU/lmr/m/n/10 35.92|
 []


Overfull \hbox (11.70007pt too wide) in paragraph at lines 1801--1802
 []|\TU/lmr/m/n/10 35.64|
 []


Overfull \hbox (11.70007pt too wide) in paragraph at lines 1803--1804
 []|\TU/lmr/m/n/10 35.45|
 []


Overfull \hbox (11.70007pt too wide) in paragraph at lines 1805--1806
 []|\TU/lmr/m/n/10 35.20|
 []


Overfull \hbox (11.70007pt too wide) in paragraph at lines 1807--1808
 []|\TU/lmr/m/n/10 35.06|
 []


Overfull \hbox (11.70007pt too wide) in paragraph at lines 1809--1810
 []|\TU/lmr/m/n/10 34.99|
 []


Overfull \hbox (11.70007pt too wide) in paragraph at lines 1811--1812
 []|\TU/lmr/m/n/10 34.87|
 []


Overfull \hbox (11.70007pt too wide) in paragraph at lines 1813--1814
 []|\TU/lmr/m/n/10 34.76|
 []


Overfull \hbox (11.70007pt too wide) in paragraph at lines 1815--1816
 []|\TU/lmr/m/n/10 34.74|
 []


Overfull \hbox (11.70007pt too wide) in paragraph at lines 1817--1818
 []|\TU/lmr/m/n/10 34.73|
 []


Overfull \hbox (11.70007pt too wide) in paragraph at lines 1819--1820
 []|\TU/lmr/m/n/10 34.55|
 []


Overfull \hbox (11.70007pt too wide) in paragraph at lines 1821--1822
 []|\TU/lmr/m/n/10 34.29|
 []


Overfull \hbox (11.70007pt too wide) in paragraph at lines 1823--1824
 []|\TU/lmr/m/n/10 34.25|
 []


Overfull \hbox (11.70007pt too wide) in paragraph at lines 1825--1826
 []|\TU/lmr/m/n/10 34.20|
 []


Overfull \hbox (11.70007pt too wide) in paragraph at lines 1828--1829
 []|\TU/lmr/m/n/10 34.16|
 []


Overfull \hbox (11.70007pt too wide) in paragraph at lines 1830--1831
 []|\TU/lmr/m/n/10 34.01|
 []


Overfull \hbox (11.70007pt too wide) in paragraph at lines 1832--1833
 []|\TU/lmr/m/n/10 33.86|
 []


Overfull \hbox (11.70007pt too wide) in paragraph at lines 1835--1836
 []|\TU/lmr/m/n/10 33.49|
 []


Overfull \hbox (11.70007pt too wide) in paragraph at lines 1837--1838
 []|\TU/lmr/m/n/10 33.34|
 []


Overfull \hbox (11.70007pt too wide) in paragraph at lines 1840--1841
 []|\TU/lmr/m/n/10 33.06|
 []


Overfull \hbox (11.70007pt too wide) in paragraph at lines 1842--1843
 []|\TU/lmr/m/n/10 33.05|
 []


Overfull \hbox (11.70007pt too wide) in paragraph at lines 1844--1845
 []|\TU/lmr/m/n/10 33.00|
 []


Overfull \hbox (11.70007pt too wide) in paragraph at lines 1846--1847
 []|\TU/lmr/m/n/10 32.91|
 []


Overfull \hbox (11.70007pt too wide) in paragraph at lines 1848--1849
 []|\TU/lmr/m/n/10 32.83|
 []


Overfull \hbox (11.70007pt too wide) in paragraph at lines 1851--1852
 []|\TU/lmr/m/n/10 32.74|
 []


Overfull \hbox (11.70007pt too wide) in paragraph at lines 1853--1854
 []|\TU/lmr/m/n/10 32.65|
 []


Overfull \hbox (11.70007pt too wide) in paragraph at lines 1855--1856
 []|\TU/lmr/m/n/10 32.59|
 []


Overfull \hbox (11.70007pt too wide) in paragraph at lines 1858--1859
 []|\TU/lmr/m/n/10 32.34|
 []


Overfull \hbox (11.70007pt too wide) in paragraph at lines 1860--1861
 []|\TU/lmr/m/n/10 32.29|
 []


Overfull \hbox (11.70007pt too wide) in paragraph at lines 1863--1864
 []|\TU/lmr/m/n/10 32.08|
 []


Overfull \hbox (11.70007pt too wide) in paragraph at lines 1866--1867
 []|\TU/lmr/m/n/10 31.76|
 []


Overfull \hbox (11.70007pt too wide) in paragraph at lines 1868--1869
 []|\TU/lmr/m/n/10 31.69|
 []


Overfull \hbox (11.70007pt too wide) in paragraph at lines 1870--1871
 []|\TU/lmr/m/n/10 31.52|
 []


Overfull \hbox (11.70007pt too wide) in paragraph at lines 1873--1874
 []|\TU/lmr/m/n/10 31.34|
 []


Overfull \hbox (11.70007pt too wide) in paragraph at lines 1875--1876
 []|\TU/lmr/m/n/10 31.31|
 []


Overfull \hbox (11.70007pt too wide) in paragraph at lines 1877--1878
 []|\TU/lmr/m/n/10 31.15|
 []


Overfull \hbox (11.70007pt too wide) in paragraph at lines 1880--1881
 []|\TU/lmr/m/n/10 30.95|
 []


Overfull \hbox (11.70007pt too wide) in paragraph at lines 1883--1884
 []|\TU/lmr/m/n/10 30.90|
 []


Overfull \hbox (11.70007pt too wide) in paragraph at lines 1886--1887
 []|\TU/lmr/m/n/10 30.81|
 []


Overfull \hbox (11.70007pt too wide) in paragraph at lines 1888--1889
 []|\TU/lmr/m/n/10 30.76|
 []


Overfull \hbox (11.70007pt too wide) in paragraph at lines 1890--1891
 []|\TU/lmr/m/n/10 30.45|
 []


Overfull \hbox (11.70007pt too wide) in paragraph at lines 1893--1894
 []|\TU/lmr/m/n/10 29.98|
 []


Overfull \hbox (11.70007pt too wide) in paragraph at lines 1896--1897
 []|\TU/lmr/m/n/10 29.88|
 []


Overfull \hbox (11.70007pt too wide) in paragraph at lines 1898--1899
 []|\TU/lmr/m/n/10 29.86|
 []


Overfull \hbox (11.70007pt too wide) in paragraph at lines 1901--1902
 []|\TU/lmr/m/n/10 29.56|
 []


Overfull \hbox (11.70007pt too wide) in paragraph at lines 1903--1904
 []|\TU/lmr/m/n/10 29.54|
 []


Overfull \hbox (11.70007pt too wide) in paragraph at lines 1906--1907
 []|\TU/lmr/m/n/10 29.50|
 []


Overfull \hbox (11.70007pt too wide) in paragraph at lines 1909--1910
 []|\TU/lmr/m/n/10 29.13|
 []


Overfull \hbox (11.70007pt too wide) in paragraph at lines 1912--1913
 []|\TU/lmr/m/n/10 28.75|
 []


Overfull \hbox (11.70007pt too wide) in paragraph at lines 1915--1916
 []|\TU/lmr/m/n/10 28.68|
 []


Overfull \hbox (11.70007pt too wide) in paragraph at lines 1918--1919
 []|\TU/lmr/m/n/10 28.48|
 []


Overfull \hbox (11.70007pt too wide) in paragraph at lines 1920--1921
 []|\TU/lmr/m/n/10 28.19|
 []


Overfull \hbox (11.70007pt too wide) in paragraph at lines 1923--1924
 []|\TU/lmr/m/n/10 28.17|
 []


Overfull \hbox (11.70007pt too wide) in paragraph at lines 1926--1927
 []|\TU/lmr/m/n/10 28.15|
 []


Overfull \hbox (11.70007pt too wide) in paragraph at lines 1929--1930
 []|\TU/lmr/m/n/10 27.81|
 []


Overfull \hbox (11.70007pt too wide) in paragraph at lines 1931--1932
 []|\TU/lmr/m/n/10 27.80|
 []


Overfull \hbox (11.70007pt too wide) in paragraph at lines 1934--1935
 []|\TU/lmr/m/n/10 27.54|
 []


Overfull \hbox (11.70007pt too wide) in paragraph at lines 1937--1938
 []|\TU/lmr/m/n/10 27.31|
 []


Overfull \hbox (11.70007pt too wide) in paragraph at lines 1940--1941
 []|\TU/lmr/m/n/10 27.03|
 []


Overfull \hbox (11.70007pt too wide) in paragraph at lines 1943--1944
 []|\TU/lmr/m/n/10 26.76|
 []


Overfull \hbox (11.70007pt too wide) in paragraph at lines 1946--1947
 []|\TU/lmr/m/n/10 26.57|
 []


Overfull \hbox (11.70007pt too wide) in paragraph at lines 1949--1950
 []|\TU/lmr/m/n/10 26.42|
 []


Overfull \hbox (11.70007pt too wide) in paragraph at lines 1952--1953
 []|\TU/lmr/m/n/10 26.17|
 []


Overfull \hbox (11.70007pt too wide) in paragraph at lines 1955--1956
 []|\TU/lmr/m/n/10 25.83|
 []


Overfull \hbox (11.70007pt too wide) in paragraph at lines 1958--1959
 []|\TU/lmr/m/n/10 25.81|
 []


Overfull \hbox (11.70007pt too wide) in paragraph at lines 1961--1962
 []|\TU/lmr/m/n/10 25.42|
 []


Overfull \hbox (11.70007pt too wide) in paragraph at lines 1964--1965
 []|\TU/lmr/m/n/10 25.11|
 []


Overfull \hbox (11.70007pt too wide) in paragraph at lines 1968--1969
 []|\TU/lmr/m/n/10 25.08|
 []


Overfull \hbox (11.70007pt too wide) in paragraph at lines 1971--1972
 []|\TU/lmr/m/n/10 24.94|
 []


Overfull \hbox (11.70007pt too wide) in paragraph at lines 1974--1975
 []|\TU/lmr/m/n/10 24.67|
 []


Overfull \hbox (11.70007pt too wide) in paragraph at lines 1978--1979
 []|\TU/lmr/m/n/10 24.26|
 []


Overfull \hbox (11.70007pt too wide) in paragraph at lines 1982--1983
 []|\TU/lmr/m/n/10 23.78|
 []


Overfull \hbox (11.70007pt too wide) in paragraph at lines 1985--1986
 []|\TU/lmr/m/n/10 23.49|
 []


Overfull \hbox (11.70007pt too wide) in paragraph at lines 1988--1989
 []|\TU/lmr/m/n/10 23.46|
 []


Overfull \hbox (11.70007pt too wide) in paragraph at lines 1992--1993
 []|\TU/lmr/m/n/10 23.04|
 []


Overfull \hbox (11.70007pt too wide) in paragraph at lines 1996--1997
 []|\TU/lmr/m/n/10 22.73|
 []


Overfull \hbox (11.70007pt too wide) in paragraph at lines 1999--2000
 []|\TU/lmr/m/n/10 22.03|
 []


Overfull \hbox (11.70007pt too wide) in paragraph at lines 2002--2003
 []|\TU/lmr/m/n/10 22.02|
 []


Overfull \hbox (11.70007pt too wide) in paragraph at lines 2006--2007
 []|\TU/lmr/m/n/10 21.45|
 []


Overfull \hbox (11.70007pt too wide) in paragraph at lines 2010--2011
 []|\TU/lmr/m/n/10 20.57|
 []


Overfull \hbox (11.70007pt too wide) in paragraph at lines 2014--2015
 []|\TU/lmr/m/n/10 20.36|
 []


Overfull \hbox (11.70007pt too wide) in paragraph at lines 2018--2019
 []|\TU/lmr/m/n/10 20.07|
 []


Overfull \hbox (11.70007pt too wide) in paragraph at lines 2022--2023
 []|\TU/lmr/m/n/10 19.99|
 []


Overfull \hbox (11.70007pt too wide) in paragraph at lines 2026--2027
 []|\TU/lmr/m/n/10 19.07|
 []


Overfull \hbox (11.70007pt too wide) in paragraph at lines 2030--2031
 []|\TU/lmr/m/n/10 17.60|
 []


Overfull \hbox (11.70007pt too wide) in paragraph at lines 2034--2035
 []|\TU/lmr/m/n/10 17.04|
 []


Overfull \hbox (11.70007pt too wide) in paragraph at lines 2038--2039
 []|\TU/lmr/m/n/10 16.91|
 []


Overfull \hbox (11.70007pt too wide) in paragraph at lines 2042--2043
 []|\TU/lmr/m/n/10 16.05|
 []


Overfull \hbox (11.70007pt too wide) in paragraph at lines 2046--2047
 []|\TU/lmr/m/n/10 15.66|
 []


Overfull \hbox (11.70007pt too wide) in paragraph at lines 2051--2052
 []|\TU/lmr/m/n/10 12.66|
 []


Overfull \hbox (6.70007pt too wide) in paragraph at lines 2057--2058
 []|\TU/lmr/m/n/10 8.72|
 []


Overfull \hbox (6.70007pt too wide) in paragraph at lines 2058--2059
 []|\TU/lmr/m/n/10 1.45|
 []


Overfull \hbox (6.70007pt too wide) in paragraph at lines 2059--2060
 []|\TU/lmr/m/n/10 1.41|
 []


Overfull \hbox (6.70007pt too wide) in paragraph at lines 2060--2061
 \TU/lmr/m/n/10 0.08|
 []


Overfull \hbox (6.20007pt too wide) in paragraph at lines 2061--2062
 \TU/lmr/m/n/10 1.05|
 []


Overfull \hbox (6.20007pt too wide) in paragraph at lines 2062--2063
 \TU/lmr/m/n/10 1.92|
 []


Overfull \hbox (6.20007pt too wide) in paragraph at lines 2063--2064
 \TU/lmr/m/n/10 1.99|
 []


Overfull \hbox (6.45007pt too wide) in paragraph at lines 2064--2065
 \TU/lmr/m/n/10 2.00|
 []


Overfull \hbox (6.45007pt too wide) in paragraph at lines 2065--2066
 \TU/lmr/m/n/10 2.60|
 []


Overfull \hbox (6.45007pt too wide) in paragraph at lines 2066--2067
 \TU/lmr/m/n/10 3.36|
 []


Overfull \hbox (6.45007pt too wide) in paragraph at lines 2067--2068
 \TU/lmr/m/n/10 3.46|
 []


Overfull \hbox (6.35007pt too wide) in paragraph at lines 2069--2070
 \TU/lmr/m/n/10 4.40|
 []


Overfull \hbox (6.70007pt too wide) in paragraph at lines 2071--2072
 \TU/lmr/m/n/10 5.17|
 []


Overfull \hbox (6.70007pt too wide) in paragraph at lines 2072--2073
 \TU/lmr/m/n/10 5.19|
 []


Overfull \hbox (6.70007pt too wide) in paragraph at lines 2073--2074
 \TU/lmr/m/n/10 6.00|
 []


Overfull \hbox (6.70007pt too wide) in paragraph at lines 2074--2075
 \TU/lmr/m/n/10 6.01|
 []


Overfull \hbox (6.70007pt too wide) in paragraph at lines 2076--2077
 \TU/lmr/m/n/10 8.52|
 []


Overfull \hbox (6.70007pt too wide) in paragraph at lines 2078--2079
 \TU/lmr/m/n/10 9.36|
 []


Overfull \hbox (11.20007pt too wide) in paragraph at lines 2080--2081
 \TU/lmr/m/n/10 12.14|
 []

[31] [32] [33] [34]
File: PAL-ADHD_supps_files/figure-latex/plot_acc-1.pdf Graphic file (type pdf)
<use PAL-ADHD_supps_files/figure-latex/plot_acc-1.pdf>


[35]

[36] (./PAL-ADHD_supps.aux)
 ***********
LaTeX2e <2024-11-01> patch level 2
L3 programming layer <2025-01-18>
 ***********
 ) 
Here is how much of TeX's memory you used:
 18969 strings out of 473832
 349654 string characters out of 5729481
 1082973 words of memory out of 5000000
 41784 multiletter control sequences out of 15000+600000
 565248 words of font info for 84 fonts, out of 8000000 for 9000
 1348 hyphenation exceptions out of 8191
 90i,7n,114p,1011b,2843s stack positions out of 10000i,1000n,20000p,200000b,200000s

Output written on PAL-ADHD_supps.pdf (36 pages).
